On branch master
Changes to be committed:
  (use "git restore --staged <file>..." to unstage)
	new file:   er

Untracked files:
  (use "git add <file>..." to include in what will be committed)
	.DS_Store

[master ba60b4c] 05/30/21 22:23:12
 1 file changed, 0 insertions(+), 0 deletions(-)
 create mode 100644 er
On branch master
Untracked files:
  (use "git add <file>..." to include in what will be committed)
	.DS_Store

nothing added to commit but untracked files present (use "git add" to track)
On branch master
Untracked files:
  (use "git add <file>..." to include in what will be committed)
	.DS_Store

nothing added to commit but untracked files present (use "git add" to track)
On branch master
Untracked files:
  (use "git add <file>..." to include in what will be committed)
	.DS_Store

nothing added to commit but untracked files present (use "git add" to track)
On branch master
Untracked files:
  (use "git add <file>..." to include in what will be committed)
	.DS_Store

nothing added to commit but untracked files present (use "git add" to track)
On branch master
Untracked files:
  (use "git add <file>..." to include in what will be committed)
	.DS_Store

nothing added to commit but untracked files present (use "git add" to track)
On branch master
Untracked files:
  (use "git add <file>..." to include in what will be committed)
	.DS_Store

nothing added to commit but untracked files present (use "git add" to track)
On branch master
Changes not staged for commit:
  (use "git add/rm <file>..." to update what will be committed)
  (use "git restore <file>..." to discard changes in working directory)
	deleted:    er

Untracked files:
  (use "git add <file>..." to include in what will be committed)
	.DS_Store

no changes added to commit (use "git add" and/or "git commit -a")
[master e82f5e2] 05/30/21 22:23:54
 1 file changed, 0 insertions(+), 0 deletions(-)
 delete mode 100644 er
On branch master
Untracked files:
  (use "git add <file>..." to include in what will be committed)
	.DS_Store

nothing added to commit but untracked files present (use "git add" to track)
On branch master
Untracked files:
  (use "git add <file>..." to include in what will be committed)
	.DS_Store

nothing added to commit but untracked files present (use "git add" to track)
On branch master
Untracked files:
  (use "git add <file>..." to include in what will be committed)
	.DS_Store

nothing added to commit but untracked files present (use "git add" to track)
On branch master
Untracked files:
  (use "git add <file>..." to include in what will be committed)
	.DS_Store

nothing added to commit but untracked files present (use "git add" to track)
On branch master
Untracked files:
  (use "git add <file>..." to include in what will be committed)
	.DS_Store

nothing added to commit but untracked files present (use "git add" to track)
On branch master
Untracked files:
  (use "git add <file>..." to include in what will be committed)
	.DS_Store

nothing added to commit but untracked files present (use "git add" to track)
On branch master
Untracked files:
  (use "git add <file>..." to include in what will be committed)
	.DS_Store

nothing added to commit but untracked files present (use "git add" to track)
On branch master
Untracked files:
  (use "git add <file>..." to include in what will be committed)
	.DS_Store

nothing added to commit but untracked files present (use "git add" to track)
On branch master
Untracked files:
  (use "git add <file>..." to include in what will be committed)
	.DS_Store

nothing added to commit but untracked files present (use "git add" to track)
On branch master
Untracked files:
  (use "git add <file>..." to include in what will be committed)
	.DS_Store

nothing added to commit but untracked files present (use "git add" to track)
On branch master
Untracked files:
  (use "git add <file>..." to include in what will be committed)
	.DS_Store

nothing added to commit but untracked files present (use "git add" to track)
On branch master
Untracked files:
  (use "git add <file>..." to include in what will be committed)
	.DS_Store

nothing added to commit but untracked files present (use "git add" to track)
On branch master
Untracked files:
  (use "git add <file>..." to include in what will be committed)
	.DS_Store

nothing added to commit but untracked files present (use "git add" to track)
On branch master
Untracked files:
  (use "git add <file>..." to include in what will be committed)
	.DS_Store

nothing added to commit but untracked files present (use "git add" to track)
On branch master
Untracked files:
  (use "git add <file>..." to include in what will be committed)
	.DS_Store

nothing added to commit but untracked files present (use "git add" to track)
On branch master
Untracked files:
  (use "git add <file>..." to include in what will be committed)
	.DS_Store

nothing added to commit but untracked files present (use "git add" to track)
On branch master
Untracked files:
  (use "git add <file>..." to include in what will be committed)
	.DS_Store

nothing added to commit but untracked files present (use "git add" to track)
On branch master
Untracked files:
  (use "git add <file>..." to include in what will be committed)
	.DS_Store

nothing added to commit but untracked files present (use "git add" to track)
On branch master
Untracked files:
  (use "git add <file>..." to include in what will be committed)
	.DS_Store

nothing added to commit but untracked files present (use "git add" to track)
On branch master
Untracked files:
  (use "git add <file>..." to include in what will be committed)
	.DS_Store

nothing added to commit but untracked files present (use "git add" to track)
